2024-01-23 20:13:25,798 INFO save_state: [{'chat_id': 6325574999, 'quest': {'route': ''}}]
2024-01-23 20:13:25,802 INFO save_state: [{'chat_id': 6325574999, 'quest': {'route': 'start'}}]
2024-01-23 20:13:26,450 ERROR Ошибка обращения к Telegram, 'sound'
2024-01-23 20:14:28,199 INFO load_state: [{'chat_id': 6325574999, 'quest': {'route': 'start'}}]
2024-01-23 20:14:28,921 INFO save_state: [{'chat_id': 6325574999, 'quest': {'route': 'dungeon'}}]
2024-01-23 20:14:37,181 INFO save_state: [{'chat_id': 6325574999, 'quest': {'route': ''}}]
2024-01-23 20:14:37,182 INFO save_state: [{'chat_id': 6325574999, 'quest': {'route': 'start'}}]
2024-01-23 20:14:39,189 INFO save_state: [{'chat_id': 6325574999, 'quest': {'route': 'dungeon'}}]
2024-01-23 20:16:03,333 INFO load_state: [{'chat_id': 6325574999, 'quest': {'route': 'dungeon'}}]
2024-01-23 20:17:25,030 INFO load_state: [{'chat_id': 6325574999, 'quest': {'route': 'dungeon'}}]
2024-01-23 20:17:31,554 INFO save_state: [{'chat_id': 6325574999, 'quest': {'route': ''}}]
2024-01-23 20:17:31,554 INFO save_state: [{'chat_id': 6325574999, 'quest': {'route': 'start'}}]
2024-01-23 20:17:31,950 ERROR Ошибка обращения к Telegram, [Errno 2] No such file or directory: 'media/six1.jpeg'
2024-01-23 20:18:24,965 INFO load_state: [{'chat_id': 6325574999, 'quest': {'route': 'start'}}]
2024-01-23 20:18:31,261 INFO save_state: [{'chat_id': 6325574999, 'quest': {'route': ''}}]
2024-01-23 20:18:31,262 INFO save_state: [{'chat_id': 6325574999, 'quest': {'route': 'start'}}]
2024-01-23 20:18:33,345 INFO save_state: [{'chat_id': 6325574999, 'quest': {'route': 'dungeon'}}]
2024-01-23 20:18:34,899 INFO save_state: [{'chat_id': 6325574999, 'quest': {'route': 'ruins'}}]
2024-01-23 20:18:40,143 INFO save_state: [{'chat_id': 6325574999, 'quest': {'route': 'success'}}]
2024-01-23 20:19:38,559 INFO load_state: [{'chat_id': 6325574999, 'quest': {'route': 'success'}}]
2024-01-23 20:19:42,924 INFO save_state: [{'chat_id': 6325574999, 'quest': {'route': ''}}]
2024-01-23 20:19:42,925 INFO save_state: [{'chat_id': 6325574999, 'quest': {'route': 'start'}}]
2024-01-23 20:19:45,200 INFO save_state: [{'chat_id': 6325574999, 'quest': {'route': 'dungeon'}}]
2024-01-23 20:19:47,088 INFO save_state: [{'chat_id': 6325574999, 'quest': {'route': 'ruins'}}]
2024-01-23 20:19:48,351 INFO save_state: [{'chat_id': 6325574999, 'quest': {'route': 'success'}}]
2024-01-23 20:20:38,330 INFO load_state: [{'chat_id': 6325574999, 'quest': {'route': 'success'}}]
2024-01-23 20:20:44,774 INFO save_state: [{'chat_id': 6325574999, 'quest': {'route': ''}}]
2024-01-23 20:20:44,775 INFO save_state: [{'chat_id': 6325574999, 'quest': {'route': 'start'}}]
2024-01-23 20:20:46,559 INFO save_state: [{'chat_id': 6325574999, 'quest': {'route': 'dungeon'}}]
2024-01-23 20:20:47,656 INFO save_state: [{'chat_id': 6325574999, 'quest': {'route': 'ruins'}}]
2024-01-23 20:20:48,731 INFO save_state: [{'chat_id': 6325574999, 'quest': {'route': 'success'}}]
2024-01-23 20:21:18,293 INFO load_state: [{'chat_id': 6325574999, 'quest': {'route': 'success'}}]
2024-01-23 20:22:11,925 INFO load_state: [{'chat_id': 6325574999, 'quest': {'route': 'success'}}]
2024-01-23 20:22:17,276 INFO save_state: [{'chat_id': 6325574999, 'quest': {'route': ''}}]
2024-01-23 20:22:17,277 INFO save_state: [{'chat_id': 6325574999, 'quest': {'route': 'start'}}]
2024-01-23 20:22:19,222 INFO save_state: [{'chat_id': 6325574999, 'quest': {'route': 'dungeon'}}]
2024-01-23 20:22:20,349 INFO save_state: [{'chat_id': 6325574999, 'quest': {'route': 'ruins'}}]
2024-01-23 20:22:22,807 INFO save_state: [{'chat_id': 6325574999, 'quest': {'route': 'success'}}]
2024-01-23 20:26:53,329 INFO load_state: [{'chat_id': 6325574999, 'quest': {'route': 'success'}}]
2024-01-23 20:48:13,372 INFO load_state: [{'chat_id': 6325574999, 'quest': {'route': 'success'}}]
2024-01-23 20:48:20,900 ERROR Ошибка обращения к Telegram, name 'chat_id' is not defined
2024-01-23 20:49:14,913 INFO load_state: [{'chat_id': 6325574999, 'quest': {'route': 'success'}}]
2024-01-23 20:50:19,516 INFO load_state: [{'chat_id': 6325574999, 'quest': {'route': 'success'}}]
2024-01-23 20:50:33,639 INFO save_state: [{'chat_id': 6325574999, 'quest': {'route': ''}}]
2024-01-23 20:50:33,644 INFO save_state: [{'chat_id': 6325574999, 'quest': {'route': 'start'}}]
